1553054468 | info | index.php
1553054469 | about | index.php?id=info
1553054470 | gbook | index.php?id=about
1553054471 | index | index.php?id=gbook
1553055308 | log | index.php
1553055389 | log | index.php
1553055399 | log | index.php
1553055408 | log | index.php
1553055437 | log | index.php
1553055449 | log | index.php
1553055450 | log | index.php
1553055451 | log | index.php
1553055452 | log | index.php
1553055470 | log | index.php
1553055508 | log | index.php
1553055510 | log | index.php
1553055511 | log | index.php
1553055512 | log | index.php
1553055514 | log | index.php
1553055525 | log | index.php
1553055594 | log | index.php
1553055604 | log | index.php
1553055947 | log | index.php
1553055951 | index | index.php?id=log
1553055952 | contact | index.php
1553055954 | gbook | index.php?id=contact
1553055955 | log | index.php?id=gbook
1553682471 | index | 
1553685441 | gbook | mysite.local
1553685456 | gbook | index.php?id=gbook
1553685572 | gbook | index.php?id=gbook
1553685622 | gbook | index.php?id=gbook
1553685627 | gbook | index.php?id=gbook
1553685848 | gbook | index.php?id=gbook
1553686075 | gbook | index.php?id=gbook
1553686243 | gbook | index.php?id=gbook
1553686268 | gbook | index.php?id=gbook
1553688022 | index | 
1553688025 | gbook | mysite.local
1553688040 | gbook | index.php?id=gbook
1553688250 | gbook | index.php?id=gbook
1553688254 | gbook | index.php?id=gbook
1553688274 | gbook | index.php?id=gbook
1553753050 | index | 
1553753053 | gbook | mysite.local
1553753077 | gbook | mysite.local
1553753081 | gbook | index.php?id=gbook
1553753192 | gbook | index.php?id=gbook
1553753231 | gbook | index.php?id=gbook
1553753280 | gbook | index.php?id=gbook
1553753384 | gbook | index.php?id=gbook
1553753785 | gbook | index.php?id=gbook
1553753813 | gbook | index.php?id=gbook
1553753837 | gbook | index.php?id=gbook
1553753840 | gbook | index.php?id=gbook
1553753843 | gbook | index.php?id=gbook
1553753848 | gbook | index.php?id=gbook
1553754468 | gbook | index.php?id=gbook
1553754512 | gbook | index.php?id=gbook
1553754908 | gbook | index.php?id=gbook
1553755023 | gbook | index.php?id=gbook
1553755096 | gbook | index.php?id=gbook
1553755101 | gbook | index.php?id=gbook
1553755129 | gbook | index.php?id=gbook
1553755155 | gbook | index.php?id=gbook
1553755162 | gbook | index.php?id=gbook
1553755172 | index | index.php
1553755174 | gbook | index.php
1553755254 | index | index.php
1553755255 | gbook | index.php
1553755605 | index | index.php?id=gbook
1553755606 | gbook | index.php
1553755608 | gbook | index.php?id=gbook
1553755780 | info | index.php?id=gbook&del=57
1553755781 | gbook | index.php?id=info
1553755783 | gbook | index.php?id=gbook
1553755794 | gbook | index.php?id=gbook&del=56
1553756117 | gbook | index.php?id=gbook&del=56
1553756120 | gbook | index.php?id=gbook&del=55
1553756132 | gbook | index.php?id=gbook&del=56
1553756142 | index | index.php?id=gbook&del=54
1553756144 | contact | index.php
1553756256 | gbook | index.php?id=contact
1553756258 | gbook | index.php?id=gbook
1553756262 | info | index.php?id=gbook&del=54
1553756263 | gbook | index.php?id=info
1553756270 | gbook | index.php?id=gbook
1553756710 | gbook | index.php?id=gbook&del=56
1553756724 | gbook | index.php?id=gbook&del=56
1553756787 | gbook | index.php?id=gbook&del=54
1553756789 | gbook | index.php?id=gbook&del=55
1553756791 | gbook | index.php?id=gbook&del=54
1553756889 | gbook | index.php?id=gbook&del=57
1553756890 | gbook | index.php?id=gbook&del=57
1553756892 | gbook | index.php?id=gbook&del=56
1553756893 | gbook | index.php?id=gbook&del=55
1553756894 | gbook | index.php?id=gbook&del=54
1553756895 | gbook | index.php?id=gbook&del=53
1553756896 | gbook | index.php?id=gbook&del=52
1553756896 | gbook | index.php?id=gbook&del=51
1553756898 | gbook | index.php?id=gbook&del=50
1553756899 | gbook | index.php?id=gbook&del=49
1553756900 | gbook | index.php?id=gbook&del=48
1553756901 | gbook | index.php?id=gbook&del=47
1553756902 | gbook | index.php?id=gbook&del=46
1553756902 | gbook | index.php?id=gbook&del=46
1553756902 | gbook | index.php?id=gbook&del=46
1553756903 | gbook | index.php?id=gbook&del=46
1553756903 | gbook | index.php?id=gbook&del=46
1553756903 | gbook | index.php?id=gbook&del=46
1553756904 | gbook | index.php?id=gbook&del=45
1553756905 | gbook | index.php?id=gbook&del=44
1553756906 | gbook | index.php?id=gbook&del=43
1553756907 | gbook | index.php?id=gbook&del=42
1553756908 | gbook | index.php?id=gbook&del=41
1553756910 | gbook | index.php?id=gbook&del=40
1553756927 | gbook | index.php?id=gbook&del=39
1553756928 | gbook | index.php?id=gbook&del=38
1553756929 | gbook | index.php?id=gbook&del=37
1553756930 | gbook | index.php?id=gbook&del=36
1553756931 | gbook | index.php?id=gbook&del=35
1553756932 | gbook | index.php?id=gbook&del=34
1553756933 | gbook | index.php?id=gbook&del=33
1553756933 | gbook | index.php?id=gbook&del=32
1553756938 | gbook | index.php?id=gbook&del=31
1553756939 | gbook | index.php?id=gbook&del=30
1553756940 | gbook | index.php?id=gbook&del=29
1553756940 | gbook | index.php?id=gbook&del=28
1553756942 | gbook | index.php?id=gbook&del=27
1553756943 | gbook | index.php?id=gbook&del=26
1553756944 | gbook | index.php?id=gbook&del=25
1553756944 | gbook | index.php?id=gbook&del=24
1553756946 | gbook | index.php?id=gbook&del=23
1553756946 | gbook | index.php?id=gbook&del=22
1553756948 | gbook | index.php?id=gbook&del=21
1553756949 | gbook | index.php?id=gbook&del=20
1553756950 | gbook | index.php?id=gbook&del=19
1553756950 | gbook | index.php?id=gbook&del=18
1553756951 | gbook | index.php?id=gbook&del=17
1553756952 | gbook | index.php?id=gbook&del=16
1553756953 | gbook | index.php?id=gbook&del=15
1553756954 | gbook | index.php?id=gbook&del=14
1553756956 | gbook | index.php?id=gbook&del=13
1553756956 | gbook | index.php?id=gbook&del=12
1553756958 | gbook | index.php?id=gbook&del=11
1553756959 | gbook | index.php?id=gbook&del=10
1553756961 | gbook | index.php?id=gbook&del=9
1553756964 | gbook | index.php?id=gbook&del=8
1553756967 | gbook | index.php?id=gbook&del=7
1553756967 | gbook | index.php?id=gbook&del=6
1553756968 | gbook | index.php?id=gbook&del=5
1553756970 | gbook | index.php?id=gbook&del=4
1553756971 | gbook | index.php?id=gbook&del=3
1553756972 | gbook | index.php?id=gbook&del=2
1553757236 | gbook | index.php?id=gbook&del=2
1553757248 | gbook | index.php?id=gbook&del=2
1553757258 | gbook | index.php?id=gbook&del=1
1553757353 | gbook | index.php?id=gbook&del=1
1553757457 | gbook | index.php?id=gbook&del=1
1553757544 | gbook | index.php?id=gbook&del=1
1553757573 | gbook | index.php?id=gbook&del=1
1553757643 | gbook | index.php?id=gbook&del=1
1553757655 | gbook | index.php?id=gbook&del=1
1553757657 | gbook | index.php?id=gbook&del=62
1553757658 | gbook | index.php?id=gbook&del=60
1553757660 | gbook | index.php?id=gbook&del=59
1553757660 | gbook | index.php?id=gbook&del=58
1553757662 | gbook | index.php?id=gbook&del=61
1553757671 | gbook | index.php?id=gbook&del=63
1553757730 | info | index.php?id=gbook&del=63
1553757731 | gbook | index.php?id=info
1553757737 | gbook | index.php?id=gbook
1553758189 | gbook | index.php?id=gbook
1553758225 | gbook | index.php?id=gbook
1553758226 | gbook | index.php?id=gbook&del=66
1553758228 | gbook | index.php?id=gbook&del=65
1553758238 | log | index.php?id=gbook&del=64
1553758239 | gbook | index.php?id=log
1553758701 | gbook | index.php?id=gbook
1553758744 | gbook | index.php?id=gbook
1553758943 | gbook | index.php?id=gbook&del=67
1553759224 | gbook | index.php?id=gbook&del=67
1553759226 | gbook | index.php?id=gbook&del=67
1553759367 | gbook | index.php?id=gbook&del=67
1553759491 | gbook | index.php?id=gbook&del=67
1553759494 | gbook | index.php?id=gbook&del=67
1553759507 | gbook | index.php?id=gbook
1553759511 | gbook | index.php?id=gbook
1553759512 | gbook | index.php?id=gbook&del=70
1553759514 | gbook | index.php?id=gbook&del=69
1553759704 | gbook | index.php?id=gbook&del=69
1553759705 | gbook | index.php?id=gbook&del=69
1553759706 | gbook | index.php?id=gbook&del=69
1553759709 | gbook | index.php?id=gbook&del=68
1553759713 | gbook | index.php?id=gbook&db=1
1553759715 | gbook | index.php?id=gbook&db=1
1553759728 | gbook | index.php?id=gbook&db=1
1553759730 | gbook | index.php?id=gbook&db=1
1553759731 | gbook | index.php?id=gbook&db=1
1553759736 | gbook | index.php?id=gbook&db=1
1553759795 | gbook | index.php?id=gbook&db=1
1553759798 | gbook | index.php?id=gbook&db=1
1553759799 | gbook | index.php?id=gbook&del=75
1553759800 | gbook | index.php?id=gbook&del=74
1553759815 | gbook | 
1553770635 | gbook | index.php?id=gbook&del=74
1553770640 | gbook | index.php?id=gbook&del=73
1553771961 | gbook | index.php?id=gbook&del=73
1553771963 | gbook | index.php?id=gbook&del=76
1553771963 | gbook | index.php?id=gbook&del=72
1553772830 | gbook | index.php?id=gbook&del=71
1553772849 | gbook | index.php?id=gbook&del=71
1553772849 | gbook | index.php?id=gbook&del=71
1553772854 | gbook | index.php?id=gbook&del=71
1553772854 | gbook | index.php?id=gbook&del=71
1553773241 | gbook | index.php?id=gbook&del=71
1553773242 | gbook | index.php?id=gbook&del=71
1553773391 | gbook | index.php?id=gbook&del=71
1553773467 | gbook | index.php?id=gbook&del=71
1553773674 | gbook | index.php?id=gbook&del=71
1553773698 | gbook | index.php?id=gbook&del=71
1553773870 | gbook | index.php?id=gbook&del=71
1553773870 | gbook | index.php?id=gbook&del=71
1553773883 | gbook | index.php?id=gbook&del=71
1553773955 | gbook | index.php?id=gbook&del=71
1553773958 | gbook | index.php?id=gbook&del=wfe
1553773961 | gbook | index.php?id=gbook&del=78
1553774032 | gbook | index.php?id=gbook&del=78
1553774037 | gbook | index.php?id=gbook&del=77
1553774037 | gbook | index.php?id=gbook&del=77
1553774044 | gbook | index.php?id=gbook&del=77
1553774092 | gbook | index.php?id=gbook&del=80
1553774092 | gbook | index.php?id=gbook&del=80
1553774098 | gbook | index.php?id=gbook&del=80
1553774198 | gbook | index.php?id=gbook&del=81
1553774198 | gbook | index.php?id=gbook&del=81
1553774235 | gbook | index.php?id=gbook&del=81
1553774235 | gbook | index.php?id=gbook&del=81
1553774238 | gbook | index.php?id=gbook&del=81
1553774240 | gbook | index.php?id=gbook&del=82
1553774292 | gbook | index.php?id=gbook&del=82
1553774786 | gbook | index.php?id=gbook&del=82
1553774844 | gbook | index.php?id=gbook&del=79
1553774845 | gbook | index.php?id=gbook&del=79
1553775060 | about | index.php?id=gbook&del=79
1553775062 | gbook | index.php?id=about
1553775864 | gbook | index.php?id=about
1553775869 | index | index.php?id=gbook
1560666966 | index | 
1560666972 | index | mysite.local
1560666973 | contact | index.php
1560666977 | about | index.php?id=contact
1560667023 | gbook | index.php?id=about
1560667244 | log | index.php?id=gbook
1560667252 | index | index.php?id=log
1560667694 | index | index.php?id=log
1560670299 | index | 
1560671275 | index | 
1560671276 | index | 
1560671277 | index | 
1560671279 | index | 
1560671280 | index | 
1560673216 | index | demo
1560673308 | index | demo
1560673347 | index | demo
1560673416 | index | demo
1560790693 | index | 
1560790709 | index | 
1560791141 | index | index.php
1560791543 | index | index.php
1560828720 | index | 
1560828727 | info | mysite.local
1560828729 | gbook | index.php?id=info
